[debug] [2024-02-10T17:26:25.641Z] ----------------------------------------------------------------------
[debug] [2024-02-10T17:26:25.646Z] Command:       C:\Program Files\nodejs\node.exe C:\Users\Laura Ophélie\AppData\Roaming\npm\node_modules\firebase-tools\lib\bin\firebase.js login
[debug] [2024-02-10T17:26:25.647Z] CLI Version:   13.2.1
[debug] [2024-02-10T17:26:25.647Z] Platform:      win32
[debug] [2024-02-10T17:26:25.648Z] Node Version:  v20.9.0
[debug] [2024-02-10T17:26:25.648Z] Time:          Sat Feb 10 2024 18:26:25 GMT+0100 (heure normale d’Europe centrale)
[debug] [2024-02-10T17:26:25.648Z] ----------------------------------------------------------------------
[debug] 
[debug] [2024-02-10T17:26:25.654Z] >>> [apiv2][query] GET https://firebase-public.firebaseio.com/cli.json [none]
[info] i  Firebase optionally collects CLI and Emulator Suite usage and error reporting information to help improve our products. Data is collected in accordance with Google's privacy policy (https://policies.google.com/privacy) and is not used to identify you.
 
[debug] [2024-02-10T17:26:27.776Z] <<< [apiv2][status] GET https://firebase-public.firebaseio.com/cli.json 200
[debug] [2024-02-10T17:26:27.777Z] <<< [apiv2][body] GET https://firebase-public.firebaseio.com/cli.json {"cloudBuildErrorAfter":1594252800000,"cloudBuildWarnAfter":1590019200000,"defaultNode10After":1594252800000,"minVersion":"3.0.5","node8DeploysDisabledAfter":1613390400000,"node8RuntimeDisabledAfter":1615809600000,"node8WarnAfter":1600128000000}
[info] i  To change your data collection preference at any time, run `firebase logout` and log in again. 
[info] 
[info] Visit this URL on this device to log in:
[info] https://accounts.google.com/o/oauth2/auth?client_id=563584335869-fgrhgmd47bqnekij5i8b5pr03ho849e6.apps.googleusercontent.com&scope=email%20openid%20https%3A%2F%2Fwww.googleapis.com%2Fauth%2Fcloudplatformprojects.readonly%20https%3A%2F%2Fwww.googleapis.com%2Fauth%2Ffirebase%20https%3A%2F%2Fwww.googleapis.com%2Fauth%2Fcloud-platform&response_type=code&state=985328710&redirect_uri=http%3A%2F%2Flocalhost%3A9005
[info] 
[info] Waiting for authentication...
[debug] [2024-02-10T17:26:54.229Z] >>> [apiv2][query] POST https://accounts.google.com/o/oauth2/token [none]
[debug] [2024-02-10T17:26:54.230Z] >>> [apiv2][body] POST https://accounts.google.com/o/oauth2/token [omitted]
[debug] [2024-02-10T17:26:54.568Z] *** [apiv2] error from fetch(https://accounts.google.com/o/oauth2/token, {"headers":{},"method":"POST","body":{"_overheadLength":543,"_valueLength":208,"_valuesToMeasure":[],"writable":false,"readable":true,"dataSize":0,"maxDataSize":2097152,"pauseStreams":true,"_released":true,"_streams":[],"_currentStream":null,"_insideLoop":false,"_pendingNext":false,"_boundary":"--------------------------000468117848305639509875","_events":{},"_eventsCount":1}}): FetchError: request to https://accounts.google.com/o/oauth2/token failed, reason: 
[debug] [2024-02-10T17:26:54.569Z] Token Fetch Error: FirebaseError: Failed to make request to https://accounts.google.com/o/oauth2/token
    at RetryOperation._fn (C:\Users\Laura Ophélie\AppData\Roaming\npm\node_modules\firebase-tools\lib\apiv2.js:246:31)
    at process.processTicksAndRejections (node:internal/process/task_queues:95:5)
[debug] [2024-02-10T17:26:54.577Z] >>> [apiv2][query] POST https://auth.firebase.tools/attest [none]
[debug] [2024-02-10T17:26:54.577Z] >>> [apiv2][body] POST https://auth.firebase.tools/attest {"session_id":"b0bc5e8d-30e5-4b7f-ba44-8b1dcb7c0887"}
[debug] [2024-02-10T17:26:57.596Z] <<< [apiv2][status] POST https://auth.firebase.tools/attest 200
[debug] [2024-02-10T17:26:57.596Z] <<< [apiv2][body] POST https://auth.firebase.tools/attest {"token":"MLhRA-KY3wfEH7o0QnPmrcxUW-80VXww50uiZk0Hmi4"}
[info] 
[info] To sign in to the Firebase CLI:
[info] 
[info] 1. Take note of your session ID:
[info] 
[info]    B0BC5
[info] 
[info] 2. Visit the URL below on any device and follow the instructions to get your code:
[info] 
[info]    https://auth.firebase.tools/login?code_challenge=mdEax9USi7dRYaYTceBkIOW4HKHA3JMyUv_gKCIDK9A&session=b0bc5e8d-30e5-4b7f-ba44-8b1dcb7c0887&attest=MLhRA-KY3wfEH7o0QnPmrcxUW-80VXww50uiZk0Hmi4
[info] 
[info] 3. Paste or enter the authorization code below once you have it:
[info] 
[debug] [2024-02-10T17:27:24.031Z] ----------------------------------------------------------------------
[debug] [2024-02-10T17:27:24.036Z] Command:       C:\Program Files\nodejs\node.exe C:\Users\Laura Ophélie\AppData\Roaming\npm\node_modules\firebase-tools\lib\bin\firebase.js login
[debug] [2024-02-10T17:27:24.037Z] CLI Version:   13.2.1
[debug] [2024-02-10T17:27:24.037Z] Platform:      win32
[debug] [2024-02-10T17:27:24.037Z] Node Version:  v20.9.0
[debug] [2024-02-10T17:27:24.038Z] Time:          Sat Feb 10 2024 18:27:24 GMT+0100 (heure normale d’Europe centrale)
[debug] [2024-02-10T17:27:24.038Z] ----------------------------------------------------------------------
[debug] 
[info] i  Firebase optionally collects CLI and Emulator Suite usage and error reporting information to help improve our products. Data is collected in accordance with Google's privacy policy (https://policies.google.com/privacy) and is not used to identify you.
 
[info] i  To change your data collection preference at any time, run `firebase logout` and log in again. 
[info] 
[info] Visit this URL on this device to log in:
[info] https://accounts.google.com/o/oauth2/auth?client_id=563584335869-fgrhgmd47bqnekij5i8b5pr03ho849e6.apps.googleusercontent.com&scope=email%20openid%20https%3A%2F%2Fwww.googleapis.com%2Fauth%2Fcloudplatformprojects.readonly%20https%3A%2F%2Fwww.googleapis.com%2Fauth%2Ffirebase%20https%3A%2F%2Fwww.googleapis.com%2Fauth%2Fcloud-platform&response_type=code&state=582867761&redirect_uri=http%3A%2F%2Flocalhost%3A9005
[info] 
[info] Waiting for authentication...
[debug] [2024-02-10T17:27:43.818Z] >>> [apiv2][query] POST https://accounts.google.com/o/oauth2/token [none]
[debug] [2024-02-10T17:27:43.818Z] >>> [apiv2][body] POST https://accounts.google.com/o/oauth2/token [omitted]
[debug] [2024-02-10T17:27:44.172Z] *** [apiv2] error from fetch(https://accounts.google.com/o/oauth2/token, {"headers":{},"method":"POST","body":{"_overheadLength":543,"_valueLength":208,"_valuesToMeasure":[],"writable":false,"readable":true,"dataSize":0,"maxDataSize":2097152,"pauseStreams":true,"_released":true,"_streams":[],"_currentStream":null,"_insideLoop":false,"_pendingNext":false,"_boundary":"--------------------------663910601515798052497703","_events":{},"_eventsCount":1}}): FetchError: request to https://accounts.google.com/o/oauth2/token failed, reason: 
[debug] [2024-02-10T17:27:44.173Z] Token Fetch Error: FirebaseError: Failed to make request to https://accounts.google.com/o/oauth2/token
    at RetryOperation._fn (C:\Users\Laura Ophélie\AppData\Roaming\npm\node_modules\firebase-tools\lib\apiv2.js:246:31)
    at process.processTicksAndRejections (node:internal/process/task_queues:95:5)
[debug] [2024-02-10T17:27:44.182Z] >>> [apiv2][query] POST https://auth.firebase.tools/attest [none]
[debug] [2024-02-10T17:27:44.182Z] >>> [apiv2][body] POST https://auth.firebase.tools/attest {"session_id":"44d1ba7a-0f39-41f4-bf89-0610c7f45d1b"}
[debug] [2024-02-10T17:27:45.473Z] <<< [apiv2][status] POST https://auth.firebase.tools/attest 200
[debug] [2024-02-10T17:27:45.473Z] <<< [apiv2][body] POST https://auth.firebase.tools/attest {"token":"LGYS7woScSJ6TbwGLIxFoc2YZvv0SdCeDzKuuG7frP0"}
[info] 
[info] To sign in to the Firebase CLI:
[info] 
[info] 1. Take note of your session ID:
[info] 
[info]    44D1B
[info] 
[info] 2. Visit the URL below on any device and follow the instructions to get your code:
[info] 
[info]    https://auth.firebase.tools/login?code_challenge=tT6fkHYMypHl7QZTOGBDkTeKW0COJVbKoa-hZeTtxX0&session=44d1ba7a-0f39-41f4-bf89-0610c7f45d1b&attest=LGYS7woScSJ6TbwGLIxFoc2YZvv0SdCeDzKuuG7frP0
[info] 
[info] 3. Paste or enter the authorization code below once you have it:
[info] 
